Unity Editor version:    2021.3.35f1 (157b46ce122a)
Branch:                  2021.3/staging
Build type:              Release
Batch mode:              YES
macOS version:           Version 13.1 (Build 22C65)
Darwin version:          22.2.0
Architecture:            x86_64
Running under Rosetta:   YES
Available memory:        8192 MB
Using pre-set license
Pro License: YES

COMMAND LINE ARGUMENTS:
/Applications/Unity/Hub/Editor/2021.3.35f1/Unity.app/Contents/MacOS/Unity
-adb2
-batchMode
-noUpm
-name
AssetImportWorker7
-projectPath
/Users/crazist/Documents/GitHub/Gladiatorial-Roguelike-Game/Gladiatorial-Roguelike
-logFile
Logs/AssetImportWorker7.log
-srvPort
57761
Successfully changed project path to: /Users/crazist/Documents/GitHub/Gladiatorial-Roguelike-Game/Gladiatorial-Roguelike
/Users/crazist/Documents/GitHub/Gladiatorial-Roguelike-Game/Gladiatorial-Roguelike
[UnityMemory] Configuration Parameters - Can be set up in boot.config
    "memorysetup-bucket-allocator-granularity=16"
    "memorysetup-bucket-allocator-bucket-count=8"
    "memorysetup-bucket-allocator-block-size=33554432"
    "memorysetup-bucket-allocator-block-count=8"
    "memorysetup-main-allocator-block-size=16777216"
    "memorysetup-thread-allocator-block-size=16777216"
    "memorysetup-gfx-main-allocator-block-size=16777216"
    "memorysetup-gfx-thread-allocator-block-size=16777216"
    "memorysetup-cache-allocator-block-size=4194304"
    "memorysetup-typetree-allocator-block-size=2097152"
    "memorysetup-profiler-bucket-allocator-granularity=16"
    "memorysetup-profiler-bucket-allocator-bucket-count=8"
    "memorysetup-profiler-bucket-allocator-block-size=33554432"
    "memorysetup-profiler-bucket-allocator-block-count=8"
    "memorysetup-profiler-allocator-block-size=16777216"
    "memorysetup-profiler-editor-allocator-block-size=1048576"
    "memorysetup-temp-allocator-size-main=16777216"
    "memorysetup-job-temp-allocator-block-size=2097152"
    "memorysetup-job-temp-allocator-block-size-background=1048576"
    "memorysetup-job-temp-allocator-reduction-small-platforms=262144"
    "memorysetup-temp-allocator-size-background-worker=32768"
    "memorysetup-temp-allocator-size-job-worker=262144"
    "memorysetup-temp-allocator-size-preload-manager=33554432"
    "memorysetup-temp-allocator-size-nav-mesh-worker=65536"
    "memorysetup-temp-allocator-size-audio-worker=65536"
    "memorysetup-temp-allocator-size-cloud-worker=32768"
    "memorysetup-temp-allocator-size-gi-baking-worker=262144"
    "memorysetup-temp-allocator-size-gfx=262144"
Player connection [8737796800] Host "[IP] 192.0.0.2 [Port] 0 [Flags] 2 [Guid] 1717890011 [EditorId] 1717890011 [Version] 1048832 [Id] OSXEditor(0,MacBook-Air-Vlad.local) [Debug] 1 [PackageName] OSXEditor [ProjectName] Editor" joined multi-casting on [225.0.0.222:54997]...

Player connection [8737796800] Host "[IP] 192.0.0.2 [Port] 0 [Flags] 2 [Guid] 1717890011 [EditorId] 1717890011 [Version] 1048832 [Id] OSXEditor(0,MacBook-Air-Vlad.local) [Debug] 1 [PackageName] OSXEditor [ProjectName] Editor" joined alternative multi-casting on [225.0.0.222:34997]...

[Physics::Module] Initialized MultithreadedJobDispatcher with {0} workers.
Refreshing native plugins compatible for Editor in 195.60 ms, found 3 plugins.
Preloading 0 native plugins for Editor in 0.00 ms.
Initialize engine version: 2021.3.35f1 (157b46ce122a)
[Subsystems] Discovering subsystems at path /Applications/Unity/Hub/Editor/2021.3.35f1/Unity.app/Contents/Resources/UnitySubsystems
[Subsystems] Discovering subsystems at path /Users/crazist/Documents/GitHub/Gladiatorial-Roguelike-Game/Gladiatorial-Roguelike/Assets
GfxDevice: creating device client; threaded=0; jobified=0
 preferred device: Apple M1 (high power)
Metal devices available: 1
0: Apple M1 (high power)
Using device Apple M1 (high power)
Initializing Metal device caps: Apple M1
Initialize mono
Mono path[0] = '/Applications/Unity/Hub/Editor/2021.3.35f1/Unity.app/Contents/Managed'
Mono path[1] = '/Applications/Unity/Hub/Editor/2021.3.35f1/Unity.app/Contents/MonoBleedingEdge/lib/mono/unityjit-macos'
Mono config path = '/Applications/Unity/Hub/Editor/2021.3.35f1/Unity.app/Contents/MonoBleedingEdge/etc'
Using monoOptions --debugger-agent=transport=dt_socket,embedding=1,server=y,suspend=n,address=127.0.0.1:56446
Begin MonoManager ReloadAssembly
Registering precompiled unity dll's ...
Register platform support module: /Applications/Unity/Hub/Editor/2021.3.35f1/Unity.app/Contents/PlaybackEngines/MacStandaloneSupport/UnityEditor.OSXStandalone.Extensions.dll
Register platform support module: /Applications/Unity/Hub/Editor/2021.3.35f1/PlaybackEngines/AndroidPlayer/UnityEditor.Android.Extensions.dll
Register platform support module: /Applications/Unity/Hub/Editor/2021.3.35f1/PlaybackEngines/WindowsStandaloneSupport/UnityEditor.WindowsStandalone.Extensions.dll
Registered in 0.001831 seconds.
Native extension for WindowsStandalone target not found
Native extension for Android target not found
Android Extension - Scanning For ADB Devices 494 ms
Native extension for OSXStandalone target not found
Refreshing native plugins compatible for Editor in 194.67 ms, found 3 plugins.
Preloading 0 native plugins for Editor in 0.00 ms.
Mono: successfully reloaded assembly
- Completed reload, in  4.197 seconds
Domain Reload Profiling:
	ReloadAssembly (4199ms)
		BeginReloadAssembly (343ms)
			ExecutionOrderSort (0ms)
			DisableScriptedObjects (0ms)
			BackupInstance (0ms)
			ReleaseScriptingObjects (0ms)
			CreateAndSetChildDomain (4ms)
		EndReloadAssembly (3577ms)
			LoadAssemblies (338ms)
			RebuildTransferFunctionScriptingTraits (0ms)
			SetupTypeCache (157ms)
			ReleaseScriptCaches (0ms)
			RebuildScriptCaches (68ms)
			SetupLoadedEditorAssemblies (3102ms)
				LogAssemblyErrors (0ms)
				InitializePlatformSupportModulesInManaged (1642ms)
				SetLoadedEditorAssemblies (1ms)
				RefreshPlugins (195ms)
				BeforeProcessingInitializeOnLoad (11ms)
				ProcessInitializeOnLoadAttributes (874ms)
				ProcessInitializeOnLoadMethodAttributes (378ms)
				AfterProcessingInitializeOnLoad (0ms)
				EditorAssembliesLoaded (2ms)
			ExecutionOrderSort2 (0ms)
			AwakeInstancesAfterBackupRestoration (0ms)
Platform modules already initialized, skipping
Registering precompiled user dll's ...
Registered in 0.012667 seconds.
Begin MonoManager ReloadAssembly
Native extension for WindowsStandalone target not found
Native extension for Android target not found
Native extension for OSXStandalone target not found
Refreshing native plugins compatible for Editor in 147.06 ms, found 3 plugins.
Preloading 0 native plugins for Editor in 0.00 ms.
Package Manager log level set to [2]
[Package Manager] Server::EnsureServerProcessIsRunning -- launch failed, reason: Unity was launched with the -noUpm command-line argument
[Package Manager] Cannot connect to Unity Package Manager local server
Mono: successfully reloaded assembly
- Completed reload, in  4.502 seconds
Domain Reload Profiling:
	ReloadAssembly (4508ms)
		BeginReloadAssembly (414ms)
			ExecutionOrderSort (0ms)
			DisableScriptedObjects (51ms)
			BackupInstance (0ms)
			ReleaseScriptingObjects (0ms)
			CreateAndSetChildDomain (86ms)
		EndReloadAssembly (3749ms)
			LoadAssemblies (258ms)
			RebuildTransferFunctionScriptingTraits (0ms)
			SetupTypeCache (443ms)
			ReleaseScriptCaches (7ms)
			RebuildScriptCaches (104ms)
			SetupLoadedEditorAssemblies (2552ms)
				LogAssemblyErrors (0ms)
				InitializePlatformSupportModulesInManaged (99ms)
				SetLoadedEditorAssemblies (1ms)
				RefreshPlugins (147ms)
				BeforeProcessingInitializeOnLoad (219ms)
				ProcessInitializeOnLoadAttributes (1282ms)
				ProcessInitializeOnLoadMethodAttributes (801ms)
				AfterProcessingInitializeOnLoad (2ms)
				EditorAssembliesLoaded (2ms)
			ExecutionOrderSort2 (0ms)
			AwakeInstancesAfterBackupRestoration (27ms)
Platform modules already initialized, skipping
========================================================================
Worker process is ready to serve import requests
Launching external process: /Applications/Unity/Hub/Editor/2021.3.35f1/Unity.app/Contents/Tools/UnityShaderCompiler
Launched and connected shader compiler UnityShaderCompiler after 0.52 seconds
Refreshing native plugins compatible for Editor in 2.85 ms, found 3 plugins.
Preloading 0 native plugins for Editor in 0.00 ms.
Unloading 5867 Unused Serialized files (Serialized files now loaded: 0)
Unloading 47 unused Assets / (1.2 MB). Loaded Objects now: 6319.
Memory consumption went from 222.6 MB to 221.5 MB.
Total: 31.565000 ms (FindLiveObjects: 1.263958 ms CreateObjectMapping: 0.759541 ms MarkObjects: 28.089792 ms  DeleteObjects: 1.449875 ms)

AssetImportParameters requested are different than current active one (requested -> active):
  custom:video-decoder-ogg-theora: a1e56fd34408186e4bbccfd4996cb3dc -> 
  custom:container-muxer-webm: aa71ff27fc2769a1b78a27578f13a17b -> 
  custom:container-demuxer-webm: 4f35f7cbe854078d1ac9338744f61a02 -> 
  custom:video-encoder-webm-vp8: eb34c28f22e8b96e1ab97ce403110664 -> 
  custom:framework-osx-AVFoundation: e770b220cccbd017edd2c1fefb359320 -> 
  custom:CustomObjectIndexerAttribute: 6b0e35c9178b02a6363f3721b7b8e397 -> 
  custom:audio-encoder-webm-vorbis: bf7c407c2cedff20999df2af8eb42d56 -> 
  custom:SearchIndexIgnoredProperties: e643bd26f0fe6173181afceb89e7c659 -> 
  custom:container-demuxer-ogg: 62fdf1f143b41e24485cea50d1cbac27 -> 
  custom:video-decoder-webm-vp8: 9c59270c3fd7afecdb556c50c9e8de78 -> 
  custom:audio-decoder-ogg-vorbis: bf7c407c2cedff20999df2af8eb42d56 -> 
========================================================================
Received Import Request.
  Time since last request: 394351.333294 seconds.
  path: Assets/Plugins/Zenject/OptionalExtras/IntegrationTests/Factories/TestBindFactory/Bar.cs
  artifactKey: Guid(f65e28d0debda63429efbca8a5e6ee69) Importer(2089858483,0ecaa5967403d082aa24f35e1b516d23)
Number of updated assets reloaded before import = 0
Start importing Assets/Plugins/Zenject/OptionalExtras/IntegrationTests/Factories/TestBindFactory/Bar.cs using Guid(f65e28d0debda63429efbca8a5e6ee69) Importer(2089858483,0ecaa5967403d082aa24f35e1b516d23)  -> (artifact id: 'd32859e3aa550af28139a2e094793c83') in 1.082017 seconds 
Number of asset objects unloaded after import = 0
========================================================================
Received Import Request.
  Time since last request: 0.000288 seconds.
  path: Assets/Plugins/Zenject/OptionalExtras/SampleGame2 (Advanced)/Media/Prefabs/Bullet.prefab
  artifactKey: Guid(4d22825d6393b964f90d550dd2acc50f) Importer(2089858483,0ecaa5967403d082aa24f35e1b516d23)
Number of updated assets reloaded before import = 0
Start importing Assets/Plugins/Zenject/OptionalExtras/SampleGame2 (Advanced)/Media/Prefabs/Bullet.prefab using Guid(4d22825d6393b964f90d550dd2acc50f) Importer(2089858483,0ecaa5967403d082aa24f35e1b516d23)  -> (artifact id: '614cfa6f7818cd27f6ca0de1dcd6c6fa') in 1.230127 seconds 
Number of asset objects unloaded after import = 10
========================================================================
Received Import Request.
  Time since last request: 0.000244 seconds.
  path: Assets/Plugins/Zenject/OptionalExtras/UnitTests/Editor/Injection/TestStructInjection.cs
  artifactKey: Guid(99836272f6c39824ebe35524b96e67cd) Importer(2089858483,0ecaa5967403d082aa24f35e1b516d23)
Number of updated assets reloaded before import = 0
Start importing Assets/Plugins/Zenject/OptionalExtras/UnitTests/Editor/Injection/TestStructInjection.cs using Guid(99836272f6c39824ebe35524b96e67cd) Importer(2089858483,0ecaa5967403d082aa24f35e1b516d23)  -> (artifact id: 'd0b1af7dc9596b922814b1f5f3a7b6b0') in 0.022754 seconds 
Number of asset objects unloaded after import = 0
========================================================================
Received Import Request.
  Time since last request: 0.001644 seconds.
  path: Assets/Plugins/Zenject/OptionalExtras/UnitTests/Editor/Other/TestClearCacheProvider.cs
  artifactKey: Guid(60fe740f61f8eb340988d68157f7ec18) Importer(2089858483,0ecaa5967403d082aa24f35e1b516d23)
Number of updated assets reloaded before import = 0
Start importing Assets/Plugins/Zenject/OptionalExtras/UnitTests/Editor/Other/TestClearCacheProvider.cs using Guid(60fe740f61f8eb340988d68157f7ec18) Importer(2089858483,0ecaa5967403d082aa24f35e1b516d23)  -> (artifact id: '68adbe6b95411d851ba40e88ad4c23c3') in 0.025384 seconds 
Number of asset objects unloaded after import = 0
========================================================================
Received Import Request.
  Time since last request: 0.000123 seconds.
  path: Assets/Plugins/Zenject/OptionalExtras/UnitTests/Editor/Other/TestPoolableManager.cs
  artifactKey: Guid(25dab1c5f3ebf424da72c0f042790b11) Importer(2089858483,0ecaa5967403d082aa24f35e1b516d23)
Number of updated assets reloaded before import = 0
Start importing Assets/Plugins/Zenject/OptionalExtras/UnitTests/Editor/Other/TestPoolableManager.cs using Guid(25dab1c5f3ebf424da72c0f042790b11) Importer(2089858483,0ecaa5967403d082aa24f35e1b516d23)  -> (artifact id: '16048e96cd6673af9d1514263931756d') in 0.008506 seconds 
Number of asset objects unloaded after import = 0
========================================================================
Received Import Request.
  Time since last request: 0.000136 seconds.
  path: Assets/Plugins/Zenject/OptionalExtras/UnitTests/Editor/MemoryPool/TestDisposeBlock.cs
  artifactKey: Guid(fd6b9542508dba54ba29e1316963417a) Importer(2089858483,0ecaa5967403d082aa24f35e1b516d23)
Number of updated assets reloaded before import = 0
Start importing Assets/Plugins/Zenject/OptionalExtras/UnitTests/Editor/MemoryPool/TestDisposeBlock.cs using Guid(fd6b9542508dba54ba29e1316963417a) Importer(2089858483,0ecaa5967403d082aa24f35e1b516d23)  -> (artifact id: '4a95609b6e26007ba4597cc82f6c8b2f') in 0.012490 seconds 
Number of asset objects unloaded after import = 0
========================================================================
Received Import Request.
  Time since last request: 0.000379 seconds.
  path: Assets/Plugins/Zenject/OptionalExtras/UnitTests/Editor/Conditions/TestIdentifierTypes.cs
  artifactKey: Guid(9bc24db5ed5a5d047af12bf9c81319bb) Importer(2089858483,0ecaa5967403d082aa24f35e1b516d23)
Number of updated assets reloaded before import = 0
Start importing Assets/Plugins/Zenject/OptionalExtras/UnitTests/Editor/Conditions/TestIdentifierTypes.cs using Guid(9bc24db5ed5a5d047af12bf9c81319bb) Importer(2089858483,0ecaa5967403d082aa24f35e1b516d23)  -> (artifact id: '2f4d044eb03837c8027db07c453d2e96') in 0.009005 seconds 
Number of asset objects unloaded after import = 0
========================================================================
Received Import Request.
  Time since last request: 0.000140 seconds.
  path: Assets/Plugins/Zenject/OptionalExtras/UnitTests/Editor/Bindings/TestWithKernel.cs
  artifactKey: Guid(a2f3ac87f43046e4896f1a00fa6a847e) Importer(2089858483,0ecaa5967403d082aa24f35e1b516d23)
Number of updated assets reloaded before import = 0
Start importing Assets/Plugins/Zenject/OptionalExtras/UnitTests/Editor/Bindings/TestWithKernel.cs using Guid(a2f3ac87f43046e4896f1a00fa6a847e) Importer(2089858483,0ecaa5967403d082aa24f35e1b516d23)  -> (artifact id: '8bf7b8a2cfea8256d7ed0f3f1d7337b9') in 0.010974 seconds 
Number of asset objects unloaded after import = 0
========================================================================
Received Import Request.
  Time since last request: 0.000169 seconds.
  path: Assets/Plugins/Zenject/OptionalExtras/UnitTests/Editor/BindFeatures/TestWithArguments.cs
  artifactKey: Guid(a9729dccd0a5529458a8ef18263587ae) Importer(2089858483,0ecaa5967403d082aa24f35e1b516d23)
Number of updated assets reloaded before import = 0
Start importing Assets/Plugins/Zenject/OptionalExtras/UnitTests/Editor/BindFeatures/TestWithArguments.cs using Guid(a9729dccd0a5529458a8ef18263587ae) Importer(2089858483,0ecaa5967403d082aa24f35e1b516d23)  -> (artifact id: 'fad8bb7e3ac35d694ab740c24e7d356e') in 0.006471 seconds 
Number of asset objects unloaded after import = 0
========================================================================
Received Import Request.
  Time since last request: 0.000115 seconds.
  path: Assets/Plugins/Zenject/Source/Editor/Editors/SceneContextEditor.cs
  artifactKey: Guid(c04ae1d59f53f514f96e284ba43122f7) Importer(2089858483,0ecaa5967403d082aa24f35e1b516d23)
Number of updated assets reloaded before import = 0
Start importing Assets/Plugins/Zenject/Source/Editor/Editors/SceneContextEditor.cs using Guid(c04ae1d59f53f514f96e284ba43122f7) Importer(2089858483,0ecaa5967403d082aa24f35e1b516d23)  -> (artifact id: 'b6ea7138db69e7ac59b4543efb5579bb') in 0.006305 seconds 
Number of asset objects unloaded after import = 0
========================================================================
Received Import Request.
  Time since last request: 0.000083 seconds.
  path: Assets/Plugins/Zenject/Source/Binding/Finalizers/NullBindingFinalizer.cs
  artifactKey: Guid(6b41a20eb0faa1041bf6aa0bfcc76064) Importer(2089858483,0ecaa5967403d082aa24f35e1b516d23)
Number of updated assets reloaded before import = 0
Start importing Assets/Plugins/Zenject/Source/Binding/Finalizers/NullBindingFinalizer.cs using Guid(6b41a20eb0faa1041bf6aa0bfcc76064) Importer(2089858483,0ecaa5967403d082aa24f35e1b516d23)  -> (artifact id: '739dd9c993562609b3b7bc6ff987910b') in 0.010284 seconds 
Number of asset objects unloaded after import = 0
========================================================================
Received Import Request.
  Time since last request: 0.000181 seconds.
  path: Assets/Plugins/Zenject/OptionalExtras/SampleGame2 (Advanced)/Scripts/Enemy/EnemyTunables.cs
  artifactKey: Guid(ff5c7e92da51264499aca355ed207cbd) Importer(2089858483,0ecaa5967403d082aa24f35e1b516d23)
Number of updated assets reloaded before import = 0
Start importing Assets/Plugins/Zenject/OptionalExtras/SampleGame2 (Advanced)/Scripts/Enemy/EnemyTunables.cs using Guid(ff5c7e92da51264499aca355ed207cbd) Importer(2089858483,0ecaa5967403d082aa24f35e1b516d23)  -> (artifact id: '7ed9c33c2b945bf0731ad1ecde3ebf12') in 0.013435 seconds 
Number of asset objects unloaded after import = 0
========================================================================
Received Import Request.
  Time since last request: 0.000409 seconds.
  path: Assets/Plugins/Zenject/OptionalExtras/SampleGame1 (Beginner)/Media/Textures/asteroid.png
  artifactKey: Guid(f67021125bb29c34d81355e68915c874) Importer(2089858483,0ecaa5967403d082aa24f35e1b516d23)
Number of updated assets reloaded before import = 0
Start importing Assets/Plugins/Zenject/OptionalExtras/SampleGame1 (Beginner)/Media/Textures/asteroid.png using Guid(f67021125bb29c34d81355e68915c874) Importer(2089858483,0ecaa5967403d082aa24f35e1b516d23)  -> (artifact id: 'fb4e858876d8f0e63eb2628d79d9307d') in 0.312162 seconds 
Number of asset objects unloaded after import = 1
========================================================================
Received Import Request.
  Time since last request: 0.002052 seconds.
  path: Assets/Plugins/Zenject/Source/Binding/Binders/Conventions/ConventionBindInfo.cs
  artifactKey: Guid(f1e908965ce63ab40b271724cb5490aa) Importer(2089858483,0ecaa5967403d082aa24f35e1b516d23)
Number of updated assets reloaded before import = 0
Start importing Assets/Plugins/Zenject/Source/Binding/Binders/Conventions/ConventionBindInfo.cs using Guid(f1e908965ce63ab40b271724cb5490aa) Importer(2089858483,0ecaa5967403d082aa24f35e1b516d23)  -> (artifact id: 'e6db849520e9b21d2b1fa8325e741295') in 0.008166 seconds 
Number of asset objects unloaded after import = 0
========================================================================
Received Import Request.
  Time since last request: 0.000155 seconds.
  path: Assets/Plugins/Zenject/Source/Factories/Pooling/Util/HashSetPool.cs
  artifactKey: Guid(89c66035001289a4199cb04e17d0bc28) Importer(2089858483,0ecaa5967403d082aa24f35e1b516d23)
Number of updated assets reloaded before import = 0
Start importing Assets/Plugins/Zenject/Source/Factories/Pooling/Util/HashSetPool.cs using Guid(89c66035001289a4199cb04e17d0bc28) Importer(2089858483,0ecaa5967403d082aa24f35e1b516d23)  -> (artifact id: '9639dc937b6ce6eaf5a81bcd88daf8e0') in 0.005123 seconds 
Number of asset objects unloaded after import = 0
========================================================================
Received Import Request.
  Time since last request: 0.000197 seconds.
  path: Assets/Plugins/Zenject/OptionalExtras/IntegrationTests/Bindings/TestFromSubContainerPrefab/CircBar.cs
  artifactKey: Guid(a9b1995fe11e44134aff82b87c9ad47d) Importer(2089858483,0ecaa5967403d082aa24f35e1b516d23)
Number of updated assets reloaded before import = 0
Start importing Assets/Plugins/Zenject/OptionalExtras/IntegrationTests/Bindings/TestFromSubContainerPrefab/CircBar.cs using Guid(a9b1995fe11e44134aff82b87c9ad47d) Importer(2089858483,0ecaa5967403d082aa24f35e1b516d23)  -> (artifact id: 'beafe1fab20be51794c56de9078ebb09') in 0.007642 seconds 
Number of asset objects unloaded after import = 0
========================================================================
Received Import Request.
  Time since last request: 0.000157 seconds.
  path: Assets/Plugins/Zenject/OptionalExtras/UnitTests/Editor/Bindings/TestFromFactory.cs
  artifactKey: Guid(d88c26093930ebe4c9c294ae22d12754) Importer(2089858483,0ecaa5967403d082aa24f35e1b516d23)
Number of updated assets reloaded before import = 0
Start importing Assets/Plugins/Zenject/OptionalExtras/UnitTests/Editor/Bindings/TestFromFactory.cs using Guid(d88c26093930ebe4c9c294ae22d12754) Importer(2089858483,0ecaa5967403d082aa24f35e1b516d23)  -> (artifact id: '72b9a4e10fd7a5b30f4f6365002d10f9') in 0.005619 seconds 
Number of asset objects unloaded after import = 0
========================================================================
Received Import Request.
  Time since last request: 0.002135 seconds.
  path: Assets/Plugins/Zenject/OptionalExtras/Signals/Main/SignalDeclarationAsyncInitializer.cs
  artifactKey: Guid(e8d0040c0a3734b49b26f7cdaa86c5e8) Importer(2089858483,0ecaa5967403d082aa24f35e1b516d23)
Number of updated assets reloaded before import = 0
Start importing Assets/Plugins/Zenject/OptionalExtras/Signals/Main/SignalDeclarationAsyncInitializer.cs using Guid(e8d0040c0a3734b49b26f7cdaa86c5e8) Importer(2089858483,0ecaa5967403d082aa24f35e1b516d23)  -> (artifact id: 'fc29fe7cda45cd7adfe1e2292ce34cdf') in 0.006925 seconds 
Number of asset objects unloaded after import = 0
========================================================================
Received Import Request.
  Time since last request: 0.001181 seconds.
  path: Assets/Plugins/Zenject/Source/Runtime/DisposableManager.cs
  artifactKey: Guid(e62fabfe4695e4a439003c1c1fd5d008) Importer(2089858483,0ecaa5967403d082aa24f35e1b516d23)
Number of updated assets reloaded before import = 0
Start importing Assets/Plugins/Zenject/Source/Runtime/DisposableManager.cs using Guid(e62fabfe4695e4a439003c1c1fd5d008) Importer(2089858483,0ecaa5967403d082aa24f35e1b516d23)  -> (artifact id: 'a33eb68ab3abb96a21c4a18de0373fdb') in 0.006870 seconds 
Number of asset objects unloaded after import = 0
========================================================================
Received Import Request.
  Time since last request: 0.002759 seconds.
  path: Assets/Plugins/Zenject/OptionalExtras/ReflectionBaking/Unity/ZenjectReflectionBakingSettings.cs
  artifactKey: Guid(1ab372d6a005c8344b5d6b25dbc310ce) Importer(2089858483,0ecaa5967403d082aa24f35e1b516d23)
Number of updated assets reloaded before import = 0
Start importing Assets/Plugins/Zenject/OptionalExtras/ReflectionBaking/Unity/ZenjectReflectionBakingSettings.cs using Guid(1ab372d6a005c8344b5d6b25dbc310ce) Importer(2089858483,0ecaa5967403d082aa24f35e1b516d23)  -> (artifact id: '70d38ff77cc4949c451a0157d4304c1d') in 0.008668 seconds 
Number of asset objects unloaded after import = 0
========================================================================
Received Import Request.
  Time since last request: 0.002615 seconds.
  path: Assets/Plugins/Zenject/OptionalExtras/UnitTests/Editor/BindFeatures/TestConcreteIdentifier.cs
  artifactKey: Guid(51d298299a99e3247aa3cc0b5caa1c88) Importer(2089858483,0ecaa5967403d082aa24f35e1b516d23)
Number of updated assets reloaded before import = 0
Start importing Assets/Plugins/Zenject/OptionalExtras/UnitTests/Editor/BindFeatures/TestConcreteIdentifier.cs using Guid(51d298299a99e3247aa3cc0b5caa1c88) Importer(2089858483,0ecaa5967403d082aa24f35e1b516d23)  -> (artifact id: '902f55fdfe95f7dc73fa9a520a069a55') in 0.006898 seconds 
Number of asset objects unloaded after import = 0
========================================================================
Received Import Request.
  Time since last request: 0.000085 seconds.
  path: Assets/Plugins/Zenject/OptionalExtras/SampleGame1 (Beginner)/Prefabs/Explosion.prefab
  artifactKey: Guid(185972cb8011a1449b7360c07a62fdf2) Importer(2089858483,0ecaa5967403d082aa24f35e1b516d23)
Number of updated assets reloaded before import = 0
Start importing Assets/Plugins/Zenject/OptionalExtras/SampleGame1 (Beginner)/Prefabs/Explosion.prefab using Guid(185972cb8011a1449b7360c07a62fdf2) Importer(2089858483,0ecaa5967403d082aa24f35e1b516d23)  -> (artifact id: 'bf3f9253d4db27bcae5b1878982a0558') in 0.150677 seconds 
Number of asset objects unloaded after import = 11
========================================================================
Received Import Request.
  Time since last request: 0.027630 seconds.
  path: Assets/Plugins/Zenject/OptionalExtras/IntegrationTests/SceneTests/TestDestructionOrder/RenameThisResources/ProjectContext.prefab
  artifactKey: Guid(b2e49aa6f29a03f468fba4f706d6535b) Importer(2089858483,0ecaa5967403d082aa24f35e1b516d23)
Number of updated assets reloaded before import = 0
Start importing Assets/Plugins/Zenject/OptionalExtras/IntegrationTests/SceneTests/TestDestructionOrder/RenameThisResources/ProjectContext.prefab using Guid(b2e49aa6f29a03f468fba4f706d6535b) Importer(2089858483,0ecaa5967403d082aa24f35e1b516d23)  -> (artifact id: '08dce837cf6bc34aa8312054230907ac') in 0.110989 seconds 
Number of asset objects unloaded after import = 10
========================================================================
Received Import Request.
  Time since last request: 0.000103 seconds.
  path: Assets/Plugins/Zenject/OptionalExtras/IntegrationTests/Tests/Misc/TestMonoKernelDecoration/TestMonoKernelDecoration.cs
  artifactKey: Guid(166ad9cc65d872b48badf6da39e4a31c) Importer(2089858483,0ecaa5967403d082aa24f35e1b516d23)
Number of updated assets reloaded before import = 0
Start importing Assets/Plugins/Zenject/OptionalExtras/IntegrationTests/Tests/Misc/TestMonoKernelDecoration/TestMonoKernelDecoration.cs using Guid(166ad9cc65d872b48badf6da39e4a31c) Importer(2089858483,0ecaa5967403d082aa24f35e1b516d23)  -> (artifact id: 'c97d3a002e4b7500170d33fa4984e114') in 0.007580 seconds 
Number of asset objects unloaded after import = 0
========================================================================
Received Import Request.
  Time since last request: 0.000150 seconds.
  path: Assets/Plugins/Zenject/OptionalExtras/IntegrationTests/Tests/Factories/TestBindFactoryOne/TestBindFactoryOne.cs
  artifactKey: Guid(07b8699c6cfb35041acbf91f227fe7d4) Importer(2089858483,0ecaa5967403d082aa24f35e1b516d23)
Number of updated assets reloaded before import = 0
Start importing Assets/Plugins/Zenject/OptionalExtras/IntegrationTests/Tests/Factories/TestBindFactoryOne/TestBindFactoryOne.cs using Guid(07b8699c6cfb35041acbf91f227fe7d4) Importer(2089858483,0ecaa5967403d082aa24f35e1b516d23)  -> (artifact id: 'fc39eac5541e133e0ed8e399a09f59f3') in 0.007689 seconds 
Number of asset objects unloaded after import = 0
========================================================================
Received Import Request.
  Time since last request: 0.006411 seconds.
  path: Assets/Plugins/Zenject/OptionalExtras/SampleGame1 (Beginner)/Media/Imported/Shaders/Particle Alpha Blend_IgnoreFog.shader
  artifactKey: Guid(7072050308ffe4cc1a908ac897583e2e) Importer(2089858483,0ecaa5967403d082aa24f35e1b516d23)
Number of updated assets reloaded before import = 0
Start importing Assets/Plugins/Zenject/OptionalExtras/SampleGame1 (Beginner)/Media/Imported/Shaders/Particle Alpha Blend_IgnoreFog.shader using Guid(7072050308ffe4cc1a908ac897583e2e) Importer(2089858483,0ecaa5967403d082aa24f35e1b516d23)  -> (artifact id: '3d3c7e0cb213af83a545920694739795') in 0.137602 seconds 
Number of asset objects unloaded after import = 1
========================================================================
Received Import Request.
  Time since last request: 0.000129 seconds.
  path: Assets/Plugins/Zenject/OptionalExtras/SampleGame1 (Beginner)/Scripts/Ship/States/ShipStateDead.cs
  artifactKey: Guid(379e1c748b9152a449b52cd01e25a642) Importer(2089858483,0ecaa5967403d082aa24f35e1b516d23)
Number of updated assets reloaded before import = 0
Start importing Assets/Plugins/Zenject/OptionalExtras/SampleGame1 (Beginner)/Scripts/Ship/States/ShipStateDead.cs using Guid(379e1c748b9152a449b52cd01e25a642) Importer(2089858483,0ecaa5967403d082aa24f35e1b516d23)  -> (artifact id: '59c9e8530be1d405e035a1feb8aa4ff1') in 0.010652 seconds 
Number of asset objects unloaded after import = 0
========================================================================
Received Import Request.
  Time since last request: 0.000130 seconds.
  path: Assets/Plugins/Zenject/OptionalExtras/IntegrationTests/Tests/Bindings/TestFromGameObjectInstaller/TestFromGameObjectInstaller.cs
  artifactKey: Guid(c0dfdf55fcc548d47b0b804800f9c7e5) Importer(2089858483,0ecaa5967403d082aa24f35e1b516d23)
Number of updated assets reloaded before import = 0
Start importing Assets/Plugins/Zenject/OptionalExtras/IntegrationTests/Tests/Bindings/TestFromGameObjectInstaller/TestFromGameObjectInstaller.cs using Guid(c0dfdf55fcc548d47b0b804800f9c7e5) Importer(2089858483,0ecaa5967403d082aa24f35e1b516d23)  -> (artifact id: 'bd75cf90e0bcdff377fa0cc397c87c20') in 0.012850 seconds 
Number of asset objects unloaded after import = 0
========================================================================
Received Import Request.
  Time since last request: 0.003455 seconds.
  path: Assets/Plugins/Zenject/OptionalExtras/IntegrationTests/Tests/Misc/TestZenAutoInjecter/TestZenAutoInjecter.cs
  artifactKey: Guid(5a70553092a2adf41a33f6f3fc9019b8) Importer(2089858483,0ecaa5967403d082aa24f35e1b516d23)
Number of updated assets reloaded before import = 0
Start importing Assets/Plugins/Zenject/OptionalExtras/IntegrationTests/Tests/Misc/TestZenAutoInjecter/TestZenAutoInjecter.cs using Guid(5a70553092a2adf41a33f6f3fc9019b8) Importer(2089858483,0ecaa5967403d082aa24f35e1b516d23)  -> (artifact id: 'c08ccee7b7edadbaf8fad375bb0fe0d0') in 0.005731 seconds 
Number of asset objects unloaded after import = 0
========================================================================
Received Import Request.
  Time since last request: 0.002025 seconds.
  path: Assets/Plugins/Zenject/OptionalExtras/IntegrationTests/Tests/Factories/TestBindFactoryFive/TestBindFactoryFive.cs
  artifactKey: Guid(572457f9104bd1e4b9b08350f69f5041) Importer(2089858483,0ecaa5967403d082aa24f35e1b516d23)
Number of updated assets reloaded before import = 0
Start importing Assets/Plugins/Zenject/OptionalExtras/IntegrationTests/Tests/Factories/TestBindFactoryFive/TestBindFactoryFive.cs using Guid(572457f9104bd1e4b9b08350f69f5041) Importer(2089858483,0ecaa5967403d082aa24f35e1b516d23)  -> (artifact id: '5ccaccf652a1fc2db5c4aca395b2de9a') in 0.005898 seconds 
Number of asset objects unloaded after import = 0
========================================================================
Received Import Request.
  Time since last request: 0.002641 seconds.
  path: Assets/Plugins/Zenject/OptionalExtras/IntegrationTests/Tests/Bindings/TestFromComponentInParents/TestFromComponentInParents.cs
  artifactKey: Guid(9df118a8d9c898344bed28c6913a6d7e) Importer(2089858483,0ecaa5967403d082aa24f35e1b516d23)
Number of updated assets reloaded before import = 0
Start importing Assets/Plugins/Zenject/OptionalExtras/IntegrationTests/Tests/Bindings/TestFromComponentInParents/TestFromComponentInParents.cs using Guid(9df118a8d9c898344bed28c6913a6d7e) Importer(2089858483,0ecaa5967403d082aa24f35e1b516d23)  -> (artifact id: 'e02c25d191b54486b746368f9a58643c') in 0.016592 seconds 
Number of asset objects unloaded after import = 0
========================================================================
Received Import Request.
  Time since last request: 0.000882 seconds.
  path: Assets/Plugins/Zenject/OptionalExtras/IntegrationTests/Tests/Bindings/TestFromComponentInSiblings/TestFromComponentInSiblings.cs
  artifactKey: Guid(b0d37dd020d97b3459f64a7f3434ff96) Importer(2089858483,0ecaa5967403d082aa24f35e1b516d23)
Number of updated assets reloaded before import = 0
Start importing Assets/Plugins/Zenject/OptionalExtras/IntegrationTests/Tests/Bindings/TestFromComponentInSiblings/TestFromComponentInSiblings.cs using Guid(b0d37dd020d97b3459f64a7f3434ff96) Importer(2089858483,0ecaa5967403d082aa24f35e1b516d23)  -> (artifact id: '3ed9ce6223f0e5e5d024c28f637f9f75') in 0.005871 seconds 
Number of asset objects unloaded after import = 0
========================================================================
Received Import Request.
  Time since last request: 0.000582 seconds.
  path: Assets/Plugins/Zenject/OptionalExtras/IntegrationTests/Tests/Installers/TestInstallers/TestInstallers.cs
  artifactKey: Guid(32558f6368b08f645928a4a03327df55) Importer(2089858483,0ecaa5967403d082aa24f35e1b516d23)
Number of updated assets reloaded before import = 0
Start importing Assets/Plugins/Zenject/OptionalExtras/IntegrationTests/Tests/Installers/TestInstallers/TestInstallers.cs using Guid(32558f6368b08f645928a4a03327df55) Importer(2089858483,0ecaa5967403d082aa24f35e1b516d23)  -> (artifact id: 'ba7da29b04c98d3c390134a922662a84') in 0.005701 seconds 
Number of asset objects unloaded after import = 0
========================================================================
Received Import Request.
  Time since last request: 0.000539 seconds.
  path: Assets/Plugins/Zenject/OptionalExtras/IntegrationTests/Installers/Resources/TestScriptableObjectInstallers/FooInstaller.asset
  artifactKey: Guid(7654dc2852826a84181eb3ac6408966b) Importer(2089858483,0ecaa5967403d082aa24f35e1b516d23)
Number of updated assets reloaded before import = 0
Start importing Assets/Plugins/Zenject/OptionalExtras/IntegrationTests/Installers/Resources/TestScriptableObjectInstallers/FooInstaller.asset using Guid(7654dc2852826a84181eb3ac6408966b) Importer(2089858483,0ecaa5967403d082aa24f35e1b516d23)  -> (artifact id: 'b9fd43b57e6c9c418d2cd553892b216c') in 0.083730 seconds 
Number of asset objects unloaded after import = 1
========================================================================
Received Import Request.
  Time since last request: 0.000333 seconds.
  path: Assets/Plugins/Zenject/OptionalExtras/UnitTests/Editor/Factories/Bindings/TestFactoryFromResolve0.cs
  artifactKey: Guid(bde11a0eb028e1a4d9f8cd47b9752dad) Importer(2089858483,0ecaa5967403d082aa24f35e1b516d23)
Number of updated assets reloaded before import = 0
Start importing Assets/Plugins/Zenject/OptionalExtras/UnitTests/Editor/Factories/Bindings/TestFactoryFromResolve0.cs using Guid(bde11a0eb028e1a4d9f8cd47b9752dad) Importer(2089858483,0ecaa5967403d082aa24f35e1b516d23)  -> (artifact id: '1ba43abcac3b6820e0c13c4f78ac9131') in 0.005610 seconds 
Number of asset objects unloaded after import = 0
========================================================================
Received Import Request.
  Time since last request: 0.000218 seconds.
  path: Assets/Plugins/Zenject/Source/Binding/Binders/Factory/FactoryToChoiceIdBinder/FactoryToChoiceIdBinder5.cs
  artifactKey: Guid(20b01a4cfa147764a9e52134e2a32bb4) Importer(2089858483,0ecaa5967403d082aa24f35e1b516d23)
Number of updated assets reloaded before import = 0
Start importing Assets/Plugins/Zenject/Source/Binding/Binders/Factory/FactoryToChoiceIdBinder/FactoryToChoiceIdBinder5.cs using Guid(20b01a4cfa147764a9e52134e2a32bb4) Importer(2089858483,0ecaa5967403d082aa24f35e1b516d23)  -> (artifact id: '1233461f17e2dced8dc1fff94666e062') in 0.009216 seconds 
Number of asset objects unloaded after import = 0
========================================================================
Received Import Request.
  Time since last request: 0.000069 seconds.
  path: Assets/Plugins/Zenject/OptionalExtras/UnitTests/Editor/Factories/Bindings/TestFactoryFromSubContainerInstaller0.cs
  artifactKey: Guid(a75a7d0a0d0a978459537926595a8f75) Importer(2089858483,0ecaa5967403d082aa24f35e1b516d23)
Number of updated assets reloaded before import = 0
Start importing Assets/Plugins/Zenject/OptionalExtras/UnitTests/Editor/Factories/Bindings/TestFactoryFromSubContainerInstaller0.cs using Guid(a75a7d0a0d0a978459537926595a8f75) Importer(2089858483,0ecaa5967403d082aa24f35e1b516d23)  -> (artifact id: '42aea7cd173a9200704b074c59eb4dd9') in 0.008504 seconds 
Number of asset objects unloaded after import = 0
========================================================================
Received Import Request.
  Time since last request: 0.000084 seconds.
  path: Assets/Plugins/Zenject/OptionalExtras/UnitTests/Editor/Factories/Bindings/TestFactoryFromMethod1.cs
  artifactKey: Guid(75b2bb6fc90254044b1eae12b63cafb3) Importer(2089858483,0ecaa5967403d082aa24f35e1b516d23)
Number of updated assets reloaded before import = 0
Start importing Assets/Plugins/Zenject/OptionalExtras/UnitTests/Editor/Factories/Bindings/TestFactoryFromMethod1.cs using Guid(75b2bb6fc90254044b1eae12b63cafb3) Importer(2089858483,0ecaa5967403d082aa24f35e1b516d23)  -> (artifact id: 'eb1b532da421cb5165f61bcf9ae7049c') in 0.011334 seconds 
Number of asset objects unloaded after import = 0
========================================================================
Received Import Request.
  Time since last request: 0.000144 seconds.
  path: Assets/Plugins/Zenject/OptionalExtras/Signals/Internal/Binders/DeclareSignal/SignalDeclarationBindInfo.cs
  artifactKey: Guid(1e83db91ff836874fb4fcf3ae4e16f0b) Importer(2089858483,0ecaa5967403d082aa24f35e1b516d23)
Number of updated assets reloaded before import = 0
Start importing Assets/Plugins/Zenject/OptionalExtras/Signals/Internal/Binders/DeclareSignal/SignalDeclarationBindInfo.cs using Guid(1e83db91ff836874fb4fcf3ae4e16f0b) Importer(2089858483,0ecaa5967403d082aa24f35e1b516d23)  -> (artifact id: '4a632110b0d66f1998a73fb7696e18ae') in 0.005377 seconds 
Number of asset objects unloaded after import = 0
========================================================================
Received Import Request.
  Time since last request: 0.000078 seconds.
  path: Assets/Plugins/Zenject/Source/Binding/Binders/Factory/FactoryArgumentsToChoiceBinder/FactoryArgumentsToChoiceBinder0.cs
  artifactKey: Guid(ca3197650e9628a45b99e79b8dea27d9) Importer(2089858483,0ecaa5967403d082aa24f35e1b516d23)
Number of updated assets reloaded before import = 0
Start importing Assets/Plugins/Zenject/Source/Binding/Binders/Factory/FactoryArgumentsToChoiceBinder/FactoryArgumentsToChoiceBinder0.cs using Guid(ca3197650e9628a45b99e79b8dea27d9) Importer(2089858483,0ecaa5967403d082aa24f35e1b516d23)  -> (artifact id: '4b0fc124e7f8c142822bc69538a9d5f0') in 0.005390 seconds 
Number of asset objects unloaded after import = 0
========================================================================
Received Import Request.
  Time since last request: 0.000511 seconds.
  path: Assets/Plugins/Zenject/OptionalExtras/UnitTests/Editor/Factories/Bindings/TestFactoryFromSubContainerMethod1.cs
  artifactKey: Guid(326764b6ac92ebd4daa3532846e523c9) Importer(2089858483,0ecaa5967403d082aa24f35e1b516d23)
Number of updated assets reloaded before import = 0
Start importing Assets/Plugins/Zenject/OptionalExtras/UnitTests/Editor/Factories/Bindings/TestFactoryFromSubContainerMethod1.cs using Guid(326764b6ac92ebd4daa3532846e523c9) Importer(2089858483,0ecaa5967403d082aa24f35e1b516d23)  -> (artifact id: '02409aed5712a861d31a4d2b2f731397') in 0.005992 seconds 
Number of asset objects unloaded after import = 0
========================================================================
Received Import Request.
  Time since last request: 0.000504 seconds.
  path: Assets/Plugins/Zenject/OptionalExtras/SampleGame2 (Advanced)/Scripts/Enemy/States/EnemyStateFollow.cs
  artifactKey: Guid(f6b8435c02df92747b53470f32656b93) Importer(2089858483,0ecaa5967403d082aa24f35e1b516d23)
Number of updated assets reloaded before import = 0
Start importing Assets/Plugins/Zenject/OptionalExtras/SampleGame2 (Advanced)/Scripts/Enemy/States/EnemyStateFollow.cs using Guid(f6b8435c02df92747b53470f32656b93) Importer(2089858483,0ecaa5967403d082aa24f35e1b516d23)  -> (artifact id: 'f0b8e29882dadb9f25e7886ac254dfa4') in 0.006979 seconds 
Number of asset objects unloaded after import = 0
========================================================================
Received Import Request.
  Time since last request: 0.000522 seconds.
  path: Assets/Plugins/Zenject/Source/Binding/Binders/Factory/FactoryToChoiceBinder/FactoryToChoiceBinder2.cs
  artifactKey: Guid(59c18bddf62adaf46b1de0564bf02388) Importer(2089858483,0ecaa5967403d082aa24f35e1b516d23)
Number of updated assets reloaded before import = 0
Start importing Assets/Plugins/Zenject/Source/Binding/Binders/Factory/FactoryToChoiceBinder/FactoryToChoiceBinder2.cs using Guid(59c18bddf62adaf46b1de0564bf02388) Importer(2089858483,0ecaa5967403d082aa24f35e1b516d23)  -> (artifact id: '1cfe9a5bda974c57b8b3a71d057ec9fb') in 0.008993 seconds 
Number of asset objects unloaded after import = 0
========================================================================
Received Import Request.
  Time since last request: 0.004713 seconds.
  path: Assets/Plugins/Zenject/Source/Binding/Binders/Factory/FactoryFromBinder/FactoryFromBinder4.cs
  artifactKey: Guid(e67ee9caa78de914a9c727a607c3d8c0) Importer(2089858483,0ecaa5967403d082aa24f35e1b516d23)
Number of updated assets reloaded before import = 0
Start importing Assets/Plugins/Zenject/Source/Binding/Binders/Factory/FactoryFromBinder/FactoryFromBinder4.cs using Guid(e67ee9caa78de914a9c727a607c3d8c0) Importer(2089858483,0ecaa5967403d082aa24f35e1b516d23)  -> (artifact id: 'a22765bb686fa03102a54094e97cbad4') in 0.005999 seconds 
Number of asset objects unloaded after import = 0
========================================================================
Received Import Request.
  Time since last request: 0.000086 seconds.
  path: Assets/Plugins/Zenject/OptionalExtras/Signals/Internal/Binders/DeclareSignal/DeclareSignalRequireHandlerAsyncTickPriorityCopyBinder.cs
  artifactKey: Guid(7cc67ec88be096e4a89e01987d671cb9) Importer(2089858483,0ecaa5967403d082aa24f35e1b516d23)
Number of updated assets reloaded before import = 0
Start importing Assets/Plugins/Zenject/OptionalExtras/Signals/Internal/Binders/DeclareSignal/DeclareSignalRequireHandlerAsyncTickPriorityCopyBinder.cs using Guid(7cc67ec88be096e4a89e01987d671cb9) Importer(2089858483,0ecaa5967403d082aa24f35e1b516d23)  -> (artifact id: 'db96eef8f1b1ad0123be7212aa6e53a0') in 0.009143 seconds 
Number of asset objects unloaded after import = 0
========================================================================
Received Import Request.
  Time since last request: 0.000096 seconds.
  path: Assets/Plugins/Zenject/Source/Binding/Binders/Factory/FactoryToChoiceIdBinder/FactoryToChoiceIdBinder4.cs
  artifactKey: Guid(e65744c901e080744aada3988bfdf11c) Importer(2089858483,0ecaa5967403d082aa24f35e1b516d23)
Number of updated assets reloaded before import = 0
Start importing Assets/Plugins/Zenject/Source/Binding/Binders/Factory/FactoryToChoiceIdBinder/FactoryToChoiceIdBinder4.cs using Guid(e65744c901e080744aada3988bfdf11c) Importer(2089858483,0ecaa5967403d082aa24f35e1b516d23)  -> (artifact id: '56445b9812760718b951a3dd1fd70414') in 0.009194 seconds 
Number of asset objects unloaded after import = 0
========================================================================
Received Import Request.
  Time since last request: 0.000226 seconds.
  path: Assets/Plugins/Zenject/Source/Binding/Binders/Factory/FactoryArgumentsToChoiceBinder/FactoryArgumentsToChoiceBinder2.cs
  artifactKey: Guid(3b450191ad6422c4f841a99cdf3d108a) Importer(2089858483,0ecaa5967403d082aa24f35e1b516d23)
Number of updated assets reloaded before import = 0
Start importing Assets/Plugins/Zenject/Source/Binding/Binders/Factory/FactoryArgumentsToChoiceBinder/FactoryArgumentsToChoiceBinder2.cs using Guid(3b450191ad6422c4f841a99cdf3d108a) Importer(2089858483,0ecaa5967403d082aa24f35e1b516d23)  -> (artifact id: '9e40022594c42988764a0e9f4ea9503b') in 0.006816 seconds 
Number of asset objects unloaded after import = 0
========================================================================
Received Import Request.
  Time since last request: 0.000090 seconds.
  path: Assets/Plugins/Zenject/Source/Binding/Binders/Factory/FactoryArgumentsToChoiceBinder/FactoryArgumentsToChoiceBinder4.cs
  artifactKey: Guid(ce44f168dd48e1442b43a43c925abc47) Importer(2089858483,0ecaa5967403d082aa24f35e1b516d23)
Number of updated assets reloaded before import = 0
Start importing Assets/Plugins/Zenject/Source/Binding/Binders/Factory/FactoryArgumentsToChoiceBinder/FactoryArgumentsToChoiceBinder4.cs using Guid(ce44f168dd48e1442b43a43c925abc47) Importer(2089858483,0ecaa5967403d082aa24f35e1b516d23)  -> (artifact id: '3398f0cb4bc549a406e7ba1c31ef6710') in 0.006912 seconds 
Number of asset objects unloaded after import = 0
========================================================================
Received Import Request.
  Time since last request: 0.000099 seconds.
  path: Assets/Plugins/Zenject/OptionalExtras/UnitTests/Editor/Factories/Bindings/TestFactoryFrom5.cs
  artifactKey: Guid(db247dfbb1d6d284cae35a8f3ae55f17) Importer(2089858483,0ecaa5967403d082aa24f35e1b516d23)
Number of updated assets reloaded before import = 0
Start importing Assets/Plugins/Zenject/OptionalExtras/UnitTests/Editor/Factories/Bindings/TestFactoryFrom5.cs using Guid(db247dfbb1d6d284cae35a8f3ae55f17) Importer(2089858483,0ecaa5967403d082aa24f35e1b516d23)  -> (artifact id: 'e857be563fcd58aecae19a8610716aad') in 0.006567 seconds 
Number of asset objects unloaded after import = 0
========================================================================
Received Import Request.
  Time since last request: 0.000713 seconds.
  path: Assets/Plugins/Zenject/OptionalExtras/SampleGame2 (Advanced)/Scripts/Enemy/States/EnemyStateIdle.cs
  artifactKey: Guid(7a99ffa8c241c8a4e97392c7903712f0) Importer(2089858483,0ecaa5967403d082aa24f35e1b516d23)
Number of updated assets reloaded before import = 0
Start importing Assets/Plugins/Zenject/OptionalExtras/SampleGame2 (Advanced)/Scripts/Enemy/States/EnemyStateIdle.cs using Guid(7a99ffa8c241c8a4e97392c7903712f0) Importer(2089858483,0ecaa5967403d082aa24f35e1b516d23)  -> (artifact id: '4f571d6ae0e54014d288e1e8ee18a130') in 0.008913 seconds 
Number of asset objects unloaded after import = 0
========================================================================
Received Import Request.
  Time since last request: 0.000970 seconds.
  path: Assets/Plugins/Zenject/OptionalExtras/Signals/Internal/Binders/BindSignal/BindSignalToBinder.cs
  artifactKey: Guid(6df1bca64a984074fb4af41dc1d42a07) Importer(2089858483,0ecaa5967403d082aa24f35e1b516d23)
Number of updated assets reloaded before import = 0
Start importing Assets/Plugins/Zenject/OptionalExtras/Signals/Internal/Binders/BindSignal/BindSignalToBinder.cs using Guid(6df1bca64a984074fb4af41dc1d42a07) Importer(2089858483,0ecaa5967403d082aa24f35e1b516d23)  -> (artifact id: 'a2a37f15fd6c7cbb12c2ba5da1c236db') in 0.007890 seconds 
Number of asset objects unloaded after import = 0
========================================================================
Received Import Request.
  Time since last request: 0.000105 seconds.
  path: Assets/Plugins/Zenject/Source/Binding/Binders/Factory/FactoryFromBinder/FactoryFromBinder1.cs
  artifactKey: Guid(57ab0b3d05763f14fb530d07a5acd481) Importer(2089858483,0ecaa5967403d082aa24f35e1b516d23)
Number of updated assets reloaded before import = 0
Start importing Assets/Plugins/Zenject/Source/Binding/Binders/Factory/FactoryFromBinder/FactoryFromBinder1.cs using Guid(57ab0b3d05763f14fb530d07a5acd481) Importer(2089858483,0ecaa5967403d082aa24f35e1b516d23)  -> (artifact id: '669ef28afb9800d2593dacff5c68d104') in 0.004854 seconds 
Number of asset objects unloaded after import = 0
========================================================================
Received Import Request.
  Time since last request: 0.000351 seconds.
  path: Assets/Plugins/Zenject/Source/Runtime/TaskUpdater.cs
  artifactKey: Guid(4e52124c243adb44aaf26eed3a8413c8) Importer(2089858483,0ecaa5967403d082aa24f35e1b516d23)
Number of updated assets reloaded before import = 0
Start importing Assets/Plugins/Zenject/Source/Runtime/TaskUpdater.cs using Guid(4e52124c243adb44aaf26eed3a8413c8) Importer(2089858483,0ecaa5967403d082aa24f35e1b516d23)  -> (artifact id: 'ea94557d8185b910631eb5bbb4a02745') in 0.009428 seconds 
Number of asset objects unloaded after import = 0
========================================================================
Received Import Request.
  Time since last request: 0.000088 seconds.
  path: Assets/Plugins/Zenject/OptionalExtras/SampleGame2 (Advanced)/Scripts/Enemy/EnemyFacade.cs
  artifactKey: Guid(fac47e4da43b2ca4d955370e0dc6990e) Importer(2089858483,0ecaa5967403d082aa24f35e1b516d23)
Number of updated assets reloaded before import = 0
Start importing Assets/Plugins/Zenject/OptionalExtras/SampleGame2 (Advanced)/Scripts/Enemy/EnemyFacade.cs using Guid(fac47e4da43b2ca4d955370e0dc6990e) Importer(2089858483,0ecaa5967403d082aa24f35e1b516d23)  -> (artifact id: '7c5d195771de6a37f84701477484c42a') in 0.006361 seconds 
Number of asset objects unloaded after import = 0
========================================================================
Received Import Request.
  Time since last request: 0.000107 seconds.
  path: Assets/Plugins/Zenject/OptionalExtras/IntegrationTests/Factories/Resources/TestGameObjectFactoryOne/Cube.prefab
  artifactKey: Guid(3aca5d856f350b24eb622adb19746ebc) Importer(2089858483,0ecaa5967403d082aa24f35e1b516d23)
Number of updated assets reloaded before import = 0
Start importing Assets/Plugins/Zenject/OptionalExtras/IntegrationTests/Factories/Resources/TestGameObjectFactoryOne/Cube.prefab using Guid(3aca5d856f350b24eb622adb19746ebc) Importer(2089858483,0ecaa5967403d082aa24f35e1b516d23)  -> (artifact id: '57ddd664dab133c856ee84137eb1ac3c') in 0.015909 seconds 
Number of asset objects unloaded after import = 8
========================================================================
Received Import Request.
  Time since last request: 0.001229 seconds.
  path: Assets/Plugins/Zenject/OptionalExtras/IntegrationTests/SceneTests/TestSceneContextEvents/TestSceneContextEventsSettings.lighting
  artifactKey: Guid(b99e9e312f77f46f6a8264126a1e3ac6) Importer(2089858483,0ecaa5967403d082aa24f35e1b516d23)
Number of updated assets reloaded before import = 0
Start importing Assets/Plugins/Zenject/OptionalExtras/IntegrationTests/SceneTests/TestSceneContextEvents/TestSceneContextEventsSettings.lighting using Guid(b99e9e312f77f46f6a8264126a1e3ac6) Importer(2089858483,0ecaa5967403d082aa24f35e1b516d23) LightingSettings: switching bake backend from 1 to 0.
 -> (artifact id: 'f54ceb4bd7d4952088e295e5b8a6f57e') in 0.115478 seconds 
Number of asset objects unloaded after import = 1
========================================================================
Received Import Request.
  Time since last request: 0.000240 seconds.
  path: Assets/Plugins/Zenject/OptionalExtras/IntegrationTests/Factories/Resources/TestBindFactory/Foo.prefab
  artifactKey: Guid(1f6c6b0b26248ff40ab262d17954f3cd) Importer(2089858483,0ecaa5967403d082aa24f35e1b516d23)
Number of updated assets reloaded before import = 0
Start importing Assets/Plugins/Zenject/OptionalExtras/IntegrationTests/Factories/Resources/TestBindFactory/Foo.prefab using Guid(1f6c6b0b26248ff40ab262d17954f3cd) Importer(2089858483,0ecaa5967403d082aa24f35e1b516d23)  -> (artifact id: 'e40048fb83d83549c03cf2a9785415bd') in 0.010308 seconds 
Number of asset objects unloaded after import = 5
========================================================================
Received Import Request.
  Time since last request: 0.000103 seconds.
  path: Assets/Plugins/Zenject/OptionalExtras/SampleGame2 (Advanced)/Media/Prefabs/Explosion.prefab
  artifactKey: Guid(93a60ba8e409947b1a0334537c8b38c8) Importer(2089858483,0ecaa5967403d082aa24f35e1b516d23)
Number of updated assets reloaded before import = 0
Start importing Assets/Plugins/Zenject/OptionalExtras/SampleGame2 (Advanced)/Media/Prefabs/Explosion.prefab using Guid(93a60ba8e409947b1a0334537c8b38c8) Importer(2089858483,0ecaa5967403d082aa24f35e1b516d23)  -> (artifact id: '648ae10715cb2d27bde9a637a25b4909') in 0.069961 seconds 
Number of asset objects unloaded after import = 11
========================================================================
Received Import Request.
  Time since last request: 0.000112 seconds.
  path: Assets/Plugins/Zenject/OptionalExtras/SampleGame1 (Beginner)/Media/Imported/SpaceShip/Textures/512_TXTR+Spec.tif
  artifactKey: Guid(96dace51c0add3a46a111a286f8455a6) Importer(2089858483,0ecaa5967403d082aa24f35e1b516d23)
Number of updated assets reloaded before import = 0
Start importing Assets/Plugins/Zenject/OptionalExtras/SampleGame1 (Beginner)/Media/Imported/SpaceShip/Textures/512_TXTR+Spec.tif using Guid(96dace51c0add3a46a111a286f8455a6) Importer(2089858483,0ecaa5967403d082aa24f35e1b516d23)  -> (artifact id: '82d1ba785a507fe91a557839bedefacb') in 0.178248 seconds 
Number of asset objects unloaded after import = 1
========================================================================
Received Import Request.
  Time since last request: 0.000266 seconds.
  path: Assets/Plugins/Zenject/Source/Binding/Binders/Factory/FactoryFromBinder/SubContainerBinder/FactorySubContainerBinderWithParams.cs
  artifactKey: Guid(a002e9dce4e8af54d948529d6beda84b) Importer(2089858483,0ecaa5967403d082aa24f35e1b516d23)
Number of updated assets reloaded before import = 0
Start importing Assets/Plugins/Zenject/Source/Binding/Binders/Factory/FactoryFromBinder/SubContainerBinder/FactorySubContainerBinderWithParams.cs using Guid(a002e9dce4e8af54d948529d6beda84b) Importer(2089858483,0ecaa5967403d082aa24f35e1b516d23)  -> (artifact id: '8772e53795d04a24fbcd7e57771c3c7e') in 0.009350 seconds 
Number of asset objects unloaded after import = 0
========================================================================
Received Import Request.
  Time since last request: 0.000129 seconds.
  path: Assets/Plugins/Zenject/OptionalExtras/SampleGame1 (Beginner)/Media/Imported/SpaceShip/Materials/1K_Body-TXTR.mat
  artifactKey: Guid(a0e138ce6cd06f74d83cf3884415be92) Importer(2089858483,0ecaa5967403d082aa24f35e1b516d23)
Number of updated assets reloaded before import = 0
Start importing Assets/Plugins/Zenject/OptionalExtras/SampleGame1 (Beginner)/Media/Imported/SpaceShip/Materials/1K_Body-TXTR.mat using Guid(a0e138ce6cd06f74d83cf3884415be92) Importer(2089858483,0ecaa5967403d082aa24f35e1b516d23)  -> (artifact id: 'bdeff644953ba55bd2c1e8abd885fc68') in 0.188649 seconds 
Number of asset objects unloaded after import = 3
========================================================================
Received Import Request.
  Time since last request: 0.000103 seconds.
  path: Assets/Plugins/Zenject/OptionalExtras/IntegrationTests/Misc/TestZenAutoInjecter/Resources/TestZenAutoInjecter/QuxProject.prefab
  artifactKey: Guid(56ef30ceec3d33941bdecd2ce9069e46) Importer(2089858483,0ecaa5967403d082aa24f35e1b516d23)
Number of updated assets reloaded before import = 0
Start importing Assets/Plugins/Zenject/OptionalExtras/IntegrationTests/Misc/TestZenAutoInjecter/Resources/TestZenAutoInjecter/QuxProject.prefab using Guid(56ef30ceec3d33941bdecd2ce9069e46) Importer(2089858483,0ecaa5967403d082aa24f35e1b516d23)  -> (artifact id: 'b3da31f4d5ff05c7065943f824af1a01') in 0.011180 seconds 
Number of asset objects unloaded after import = 6
========================================================================
Received Import Request.
  Time since last request: 0.001738 seconds.
  path: Assets/Plugins/Zenject/Source/Binding/Binders/Factory/FactoryFromBinder/SubContainerBinder/FactorySubContainerBinder6.cs
  artifactKey: Guid(6bc525cf91bd29644ab941902ab4a8d2) Importer(2089858483,0ecaa5967403d082aa24f35e1b516d23)
Number of updated assets reloaded before import = 0
Start importing Assets/Plugins/Zenject/Source/Binding/Binders/Factory/FactoryFromBinder/SubContainerBinder/FactorySubContainerBinder6.cs using Guid(6bc525cf91bd29644ab941902ab4a8d2) Importer(2089858483,0ecaa5967403d082aa24f35e1b516d23)  -> (artifact id: '4a657eb82de46d47b39e20d790efe0a9') in 0.007199 seconds 
Number of asset objects unloaded after import = 0
========================================================================
Received Import Request.
  Time since last request: 0.000305 seconds.
  path: Assets/Plugins/Zenject/OptionalExtras/SampleGame1 (Beginner)/Media/Imported/SpaceShip/Space_Shooter.fbm/1K_Body-NM.jpg
  artifactKey: Guid(9d1afd1910615b04c85c97274b296bb9) Importer(2089858483,0ecaa5967403d082aa24f35e1b516d23)
Number of updated assets reloaded before import = 0
Start importing Assets/Plugins/Zenject/OptionalExtras/SampleGame1 (Beginner)/Media/Imported/SpaceShip/Space_Shooter.fbm/1K_Body-NM.jpg using Guid(9d1afd1910615b04c85c97274b296bb9) Importer(2089858483,0ecaa5967403d082aa24f35e1b516d23)  -> (artifact id: 'a3c2af4c2e2406b8ab781a1963773530') in 0.350365 seconds 
Number of asset objects unloaded after import = 1
========================================================================
Received Import Request.
  Time since last request: 0.000451 seconds.
  path: Assets/Plugins/Zenject/OptionalExtras/SampleGame1 (Beginner)/Media/Materials/target.mat
  artifactKey: Guid(6337eec4e613a6c44b441bb6b4ffbfa0) Importer(2089858483,0ecaa5967403d082aa24f35e1b516d23)
Number of updated assets reloaded before import = 0
Start importing Assets/Plugins/Zenject/OptionalExtras/SampleGame1 (Beginner)/Media/Materials/target.mat using Guid(6337eec4e613a6c44b441bb6b4ffbfa0) Importer(2089858483,0ecaa5967403d082aa24f35e1b516d23)  -> (artifact id: '76dcd5ccf4a85a1ced74a47ba419a943') in 0.014320 seconds 
Number of asset objects unloaded after import = 2
========================================================================
Received Import Request.
  Time since last request: 0.027074 seconds.
  path: Assets/Plugins/Zenject/OptionalExtras/SampleGame2 (Advanced)/Scripts/Enemy/EnemyView.cs
  artifactKey: Guid(ae49206d36b59354b98f680504160bc4) Importer(2089858483,0ecaa5967403d082aa24f35e1b516d23)
Number of updated assets reloaded before import = 0
Start importing Assets/Plugins/Zenject/OptionalExtras/SampleGame2 (Advanced)/Scripts/Enemy/EnemyView.cs using Guid(ae49206d36b59354b98f680504160bc4) Importer(2089858483,0ecaa5967403d082aa24f35e1b516d23)  -> (artifact id: '03d661b5511830d2e86b32fdd9ac3c55') in 0.005724 seconds 
Number of asset objects unloaded after import = 0
========================================================================
Received Import Request.
  Time since last request: 0.000089 seconds.
  path: Assets/Plugins/Zenject/OptionalExtras/SampleGame1 (Beginner)/Media/Imported/Textures/Candle.psd
  artifactKey: Guid(ea3fc985fb308433eb7ea824447f0426) Importer(2089858483,0ecaa5967403d082aa24f35e1b516d23)
Number of updated assets reloaded before import = 0
Start importing Assets/Plugins/Zenject/OptionalExtras/SampleGame1 (Beginner)/Media/Imported/Textures/Candle.psd using Guid(ea3fc985fb308433eb7ea824447f0426) Importer(2089858483,0ecaa5967403d082aa24f35e1b516d23)  -> (artifact id: 'f5f33ba062069c141d4b0b57e5ce1b28') in 1.336798 seconds 
Number of asset objects unloaded after import = 1
Editor requested this worker to shutdown with reason: Scaling down because of idle timeout
AssetImportWorker is now disconnected from the server
Process exiting
